0 info it worked if it ends with ok
1 verbose cli [ 'C:\\Program Files\\nodejs\\node.exe',
1 verbose cli   'C:\\Program Files\\nodejs\\node_modules\\npm\\bin\\npm-cli.js',
1 verbose cli   'run',
1 verbose cli   'desktop',
1 verbose cli   '--just-run' ]
2 info using npm@3.10.10
3 info using node@v6.11.2
4 verbose run-script [ 'predesktop', 'desktop', 'postdesktop' ]
5 info lifecycle build2@~predesktop: build2@
6 silly lifecycle build2@~predesktop: no script for predesktop, continuing
7 info lifecycle build2@~desktop: build2@
8 verbose lifecycle build2@~desktop: unsafe-perm in lifecycle true
9 verbose lifecycle build2@~desktop: PATH: C:\Program Files\nodejs\node_modules\npm\bin\node-gyp-bin;C:\Users\steko\Desktop\DEV\build2\node_modules\.bin;C:\Windows\system32;C:\Windows;C:\Windows\System32\Wbem;C:\Windows\System32\WindowsPowerShell\v1.0\;C:\Program Files\Git\cmd;C:\Program Files\Git\mingw64\bin;C:\Program Files\Git\usr\bin;C:\Program Files\nodejs\;C:\Program Files (x86)\Yarn\bin;C:\Users\steko\AppData\Local\Microsoft\WindowsApps;C:\Users\steko\AppData\Roaming\npm;C:\Users\steko\AppData\Local\.meteor\;C:\Users\steko\AppData\Local\Yarn\bin
10 verbose lifecycle build2@~desktop: CWD: C:\Users\steko\Desktop\DEV\build2
11 silly lifecycle build2@~desktop: Args: [ '/d /s /c', 'meteor-desktop' ]
12 silly lifecycle build2@~desktop: Returned: code: 1  signal: null
13 info lifecycle build2@~desktop: Failed to exec desktop script
14 verbose stack Error: build2@ desktop: `meteor-desktop`
14 verbose stack Exit status 1
14 verbose stack     at EventEmitter.<anonymous> (C:\Program Files\nodejs\node_modules\npm\lib\utils\lifecycle.js:255:16)
14 verbose stack     at emitTwo (events.js:106:13)
14 verbose stack     at EventEmitter.emit (events.js:191:7)
14 verbose stack     at ChildProcess.<anonymous> (C:\Program Files\nodejs\node_modules\npm\lib\utils\spawn.js:40:14)
14 verbose stack     at emitTwo (events.js:106:13)
14 verbose stack     at ChildProcess.emit (events.js:191:7)
14 verbose stack     at maybeClose (internal/child_process.js:891:16)
14 verbose stack     at Process.ChildProcess._handle.onexit (internal/child_process.js:226:5)
15 verbose pkgid build2@
16 verbose cwd C:\Users\steko\Desktop\DEV\build2
17 error Windows_NT 10.0.15063
18 error argv "C:\\Program Files\\nodejs\\node.exe" "C:\\Program Files\\nodejs\\node_modules\\npm\\bin\\npm-cli.js" "run" "desktop" "--just-run"
19 error node v6.11.2
20 error npm  v3.10.10
21 error code ELIFECYCLE
22 error build2@ desktop: `meteor-desktop`
22 error Exit status 1
23 error Failed at the build2@ desktop script 'meteor-desktop'.
23 error Make sure you have the latest version of node.js and npm installed.
23 error If you do, this is most likely a problem with the build2 package,
23 error not with npm itself.
23 error Tell the author that this fails on your system:
23 error     meteor-desktop
23 error You can get information on how to open an issue for this project with:
23 error     npm bugs build2
23 error Or if that isn't available, you can get their info via:
23 error     npm owner ls build2
23 error There is likely additional logging output above.
24 verbose exit [ 1, true ]
